TN:
SF:src/App.vue
FNF:0
FNH:0
DA:5,0
DA:7,0
LF:2
LH:0
BRF:0
BRH:0
end_of_record
TN:
SF:src/boot/axios.ts
FN:18,(anonymous_1)
FNF:1
FNH:0
FNDA:0,(anonymous_1)
DA:1,0
DA:2,0
DA:16,0
DA:18,0
DA:21,0
DA:25,0
DA:30,0
LF:7
LH:0
BRF:0
BRH:0
end_of_record
TN:
SF:src/components/CompositionComponent.vue
FN:26,useClickCount
FN:28,increment
FN:36,useDisplayTodo
FN:37,(anonymous_5)
FN:50,(anonymous_6)
FN:60,(anonymous_7)
FNF:6
FNH:0
FNDA:0,useClickCount
FNDA:0,increment
FNDA:0,useDisplayTodo
FNDA:0,(anonymous_5)
FNDA:0,(anonymous_6)
FNDA:0,(anonymous_7)
DA:16,0
DA:27,0
DA:29,0
DA:30,0
DA:33,0
DA:37,0
DA:38,0
DA:41,0
DA:50,0
DA:61,0
LF:10
LH:0
BRF:0
BRH:0
end_of_record
TN:
SF:src/components/EssentialLink.vue
FNF:0
FNH:0
DA:25,0
DA:27,0
LF:2
LH:0
BRF:0
BRH:0
end_of_record
TN:
SF:src/components/Pagelist.vue
FN:106,updateCachedPagesInState
FN:117,(anonymous_18)
FN:120,(anonymous_19)
FN:125,(anonymous_20)
FN:129,(anonymous_21)
FN:143,(anonymous_24)
FN:147,(anonymous_25)
FN:147,(anonymous_26)
FNF:8
FNH:3
FNDA:2,updateCachedPagesInState
FNDA:2,(anonymous_18)
FNDA:2,(anonymous_19)
FNDA:0,(anonymous_20)
FNDA:0,(anonymous_21)
FNDA:0,(anonymous_24)
FNDA:0,(anonymous_25)
FNDA:0,(anonymous_26)
DA:99,1
DA:100,1
DA:101,1
DA:102,1
DA:104,1
DA:107,2
DA:110,1
DA:117,2
DA:118,2
DA:120,2
DA:122,2
DA:123,2
DA:125,2
DA:126,0
DA:129,2
DA:130,0
DA:132,0
DA:138,0
DA:141,2
DA:142,2
DA:143,2
DA:144,0
DA:147,2
DA:148,0
DA:150,0
DA:152,0
DA:155,2
LF:27
LH:19
BRF:0
BRH:0
end_of_record
TN:
SF:src/layouts/MainLayout.vue
FN:42,(anonymous_1)
FNF:1
FNH:0
FNDA:0,(anonymous_1)
DA:31,0
DA:33,0
DA:35,0
DA:43,0
LF:4
LH:0
BRF:0
BRH:0
end_of_record
TN:
SF:src/models/Date.ts
FN:1,CreateNowTimestamp
FN:5,CreateDateTimestamp
FNF:2
FNH:2
FNDA:1,CreateNowTimestamp
FNDA:1,CreateDateTimestamp
DA:1,2
DA:2,1
DA:5,2
DA:6,1
LF:4
LH:4
BRF:0
BRH:0
end_of_record
TN:
SF:src/pages/Error404.vue
FNF:0
FNH:0
DA:26,0
DA:28,0
LF:2
LH:0
BRF:0
BRH:0
end_of_record
TN:
SF:src/pages/Index.vue
FN:20,(anonymous_1)
FNF:1
FNH:0
FNDA:0,(anonymous_1)
DA:14,0
DA:15,0
DA:17,0
DA:21,0
DA:43,0
DA:46,0
LF:6
LH:0
BRF:0
BRH:0
end_of_record
TN:
SF:src/router/index.ts
FN:20,(anonymous_1)
FN:26,(anonymous_2)
FNF:2
FNH:0
FNDA:0,(anonymous_1)
FNDA:0,(anonymous_2)
DA:1,0
DA:2,0
DA:9,0
DA:20,0
DA:21,0
DA:25,0
DA:26,0
DA:37,0
LF:8
LH:0
BRDA:22,0,0,0
BRDA:22,0,1,0
BRDA:23,1,0,0
BRDA:23,1,1,0
BRDA:33,2,0,0
BRDA:33,2,1,0
BRF:6
BRH:0
end_of_record
TN:
SF:src/router/routes.ts
FN:6,(anonymous_6)
FN:6,(anonymous_7)
FN:7,(anonymous_8)
FN:7,(anonymous_9)
FN:14,(anonymous_10)
FN:14,(anonymous_11)
FNF:6
FNH:0
FNDA:0,(anonymous_6)
FNDA:0,(anonymous_7)
FNDA:0,(anonymous_8)
FNDA:0,(anonymous_9)
FNDA:0,(anonymous_10)
FNDA:0,(anonymous_11)
DA:3,0
DA:6,0
DA:7,0
DA:14,0
DA:18,0
LF:5
LH:0
BRF:0
BRH:0
end_of_record
TN:
SF:src/store/index.ts
FN:28,(anonymous_1)
FN:42,useStore
FNF:2
FNH:0
FNDA:0,(anonymous_1)
FNDA:0,useStore
DA:1,1
DA:3,1
DA:9,1
DA:26,1
DA:28,1
DA:29,0
DA:39,0
DA:42,1
DA:43,0
LF:9
LH:6
BRF:0
BRH:0
end_of_record
TN:
SF:src/store/page/actions.ts
FN:15,(anonymous_7)
FN:17,(anonymous_8)
FN:21,(anonymous_9)
FN:29,(anonymous_10)
FN:37,(anonymous_11)
FN:46,(anonymous_12)
FN:55,(anonymous_13)
FN:56,(anonymous_15)
FN:62,(anonymous_16)
FN:64,(anonymous_17)
FN:65,(anonymous_18)
FNF:11
FNH:0
FNDA:0,(anonymous_7)
FNDA:0,(anonymous_8)
FNDA:0,(anonymous_9)
FNDA:0,(anonymous_10)
FNDA:0,(anonymous_11)
FNDA:0,(anonymous_12)
FNDA:0,(anonymous_13)
FNDA:0,(anonymous_15)
FNDA:0,(anonymous_16)
FNDA:0,(anonymous_17)
FNDA:0,(anonymous_18)
DA:5,1
DA:7,1
DA:16,0
DA:19,0
DA:21,0
DA:30,0
DA:38,0
DA:47,0
DA:56,0
DA:57,0
DA:63,0
DA:64,0
DA:65,0
DA:69,1
LF:14
LH:3
BRF:0
BRH:0
end_of_record
TN:
SF:src/store/page/getters.ts
FN:16,(anonymous_0)
FN:28,(anonymous_1)
FN:38,(anonymous_2)
FN:39,(anonymous_3)
FN:39,(anonymous_4)
FN:48,(anonymous_5)
FN:49,(anonymous_6)
FN:49,(anonymous_7)
FNF:8
FNH:0
FNDA:0,(anonymous_0)
FNDA:0,(anonymous_1)
FNDA:0,(anonymous_2)
FNDA:0,(anonymous_3)
FNDA:0,(anonymous_4)
FNDA:0,(anonymous_5)
FNDA:0,(anonymous_6)
FNDA:0,(anonymous_7)
DA:6,1
DA:17,0
DA:29,0
DA:39,0
DA:49,0
DA:53,1
LF:6
LH:2
BRF:0
BRH:0
end_of_record
TN:
SF:src/store/page/index.ts
FNF:0
FNH:0
DA:3,1
DA:4,1
DA:5,1
DA:6,1
DA:8,1
DA:16,1
LF:6
LH:6
BRF:0
BRH:0
end_of_record
TN:
SF:src/store/page/mutations.ts
FN:12,(anonymous_0)
FN:22,(anonymous_1)
FN:25,(anonymous_2)
FN:28,(anonymous_3)
FN:35,(anonymous_4)
FN:42,(anonymous_5)
FN:44,(anonymous_6)
FN:60,(anonymous_7)
FN:64,(anonymous_8)
FN:65,(anonymous_9)
FNF:10
FNH:2
FNDA:1,(anonymous_0)
FNDA:0,(anonymous_1)
FNDA:0,(anonymous_2)
FNDA:0,(anonymous_3)
FNDA:0,(anonymous_4)
FNDA:0,(anonymous_5)
FNDA:0,(anonymous_6)
FNDA:1,(anonymous_7)
FNDA:0,(anonymous_8)
FNDA:0,(anonymous_9)
DA:4,2
DA:6,2
DA:13,1
DA:14,1
DA:24,0
DA:27,0
DA:28,0
DA:31,0
DA:32,0
DA:35,0
DA:43,0
DA:44,0
DA:47,0
DA:48,0
DA:51,0
DA:52,0
DA:61,1
DA:65,0
DA:69,2
LF:19
LH:6
BRDA:31,0,0,0
BRDA:31,0,1,0
BRDA:47,1,0,0
BRDA:47,1,1,0
BRDA:51,2,0,0
BRDA:51,2,1,0
BRF:6
BRH:0
end_of_record
TN:
SF:src/store/page/state.ts
FN:26,state
FNF:1
FNH:0
FNDA:0,state
DA:27,0
DA:33,1
LF:2
LH:1
BRF:0
BRH:0
end_of_record
