TN:
SF:src/App.vue
FNF:0
FNH:0
DA:5,0
DA:7,0
LF:2
LH:0
BRF:0
BRH:0
end_of_record
TN:
SF:src/boot/axios.ts
FN:18,(anonymous_1)
FNF:1
FNH:0
FNDA:0,(anonymous_1)
DA:1,0
DA:2,0
DA:16,0
DA:18,0
DA:21,0
DA:25,0
DA:30,0
LF:7
LH:0
BRF:0
BRH:0
end_of_record
TN:
SF:src/components/CompositionComponent.vue
FN:26,useClickCount
FN:28,increment
FN:36,useDisplayTodo
FN:37,(anonymous_5)
FN:50,(anonymous_6)
FN:60,(anonymous_7)
FNF:6
FNH:0
FNDA:0,useClickCount
FNDA:0,increment
FNDA:0,useDisplayTodo
FNDA:0,(anonymous_5)
FNDA:0,(anonymous_6)
FNDA:0,(anonymous_7)
DA:16,0
DA:27,0
DA:29,0
DA:30,0
DA:33,0
DA:37,0
DA:38,0
DA:41,0
DA:50,0
DA:61,0
LF:10
LH:0
BRF:0
BRH:0
end_of_record
TN:
SF:src/components/EssentialLink.vue
FNF:0
FNH:0
DA:25,0
DA:27,0
LF:2
LH:0
BRF:0
BRH:0
end_of_record
TN:
SF:src/components/Pagelist.vue
FN:106,updateCachedPagesInState
FN:117,(anonymous_18)
FN:120,(anonymous_19)
FN:125,(anonymous_20)
FN:129,(anonymous_21)
FN:143,(anonymous_24)
FN:147,(anonymous_25)
FN:147,(anonymous_26)
FNF:8
FNH:0
FNDA:0,updateCachedPagesInState
FNDA:0,(anonymous_18)
FNDA:0,(anonymous_19)
FNDA:0,(anonymous_20)
FNDA:0,(anonymous_21)
FNDA:0,(anonymous_24)
FNDA:0,(anonymous_25)
FNDA:0,(anonymous_26)
DA:99,0
DA:100,0
DA:101,0
DA:102,0
DA:104,0
DA:107,0
DA:110,0
DA:117,0
DA:118,0
DA:120,0
DA:122,0
DA:123,0
DA:125,0
DA:126,0
DA:129,0
DA:130,0
DA:132,0
DA:138,0
DA:141,0
DA:142,0
DA:143,0
DA:144,0
DA:147,0
DA:148,0
DA:150,0
DA:152,0
DA:155,0
LF:27
LH:0
BRF:0
BRH:0
end_of_record
TN:
SF:src/layouts/MainLayout.vue
FN:42,(anonymous_1)
FNF:1
FNH:0
FNDA:0,(anonymous_1)
DA:31,0
DA:33,0
DA:35,0
DA:43,0
LF:4
LH:0
BRF:0
BRH:0
end_of_record
TN:
SF:src/models/Date.ts
FN:1,CreateNowTimestamp
FN:5,CreateDateTimestamp
FNF:2
FNH:2
FNDA:1,CreateNowTimestamp
FNDA:1,CreateDateTimestamp
DA:1,1
DA:2,1
DA:5,1
DA:6,1
LF:4
LH:4
BRF:0
BRH:0
end_of_record
TN:
SF:src/pages/Error404.vue
FNF:0
FNH:0
DA:26,0
DA:28,0
LF:2
LH:0
BRF:0
BRH:0
end_of_record
TN:
SF:src/pages/Index.vue
FN:20,(anonymous_1)
FNF:1
FNH:0
FNDA:0,(anonymous_1)
DA:14,0
DA:15,0
DA:17,0
DA:21,0
DA:43,0
DA:46,0
LF:6
LH:0
BRF:0
BRH:0
end_of_record
TN:
SF:src/router/index.ts
FN:20,(anonymous_1)
FN:26,(anonymous_2)
FNF:2
FNH:0
FNDA:0,(anonymous_1)
FNDA:0,(anonymous_2)
DA:1,0
DA:2,0
DA:9,0
DA:20,0
DA:21,0
DA:25,0
DA:26,0
DA:37,0
LF:8
LH:0
BRDA:22,0,0,0
BRDA:22,0,1,0
BRDA:23,1,0,0
BRDA:23,1,1,0
BRDA:33,2,0,0
BRDA:33,2,1,0
BRF:6
BRH:0
end_of_record
TN:
SF:src/router/routes.ts
FN:6,(anonymous_6)
FN:6,(anonymous_7)
FN:7,(anonymous_8)
FN:7,(anonymous_9)
FN:14,(anonymous_10)
FN:14,(anonymous_11)
FNF:6
FNH:0
FNDA:0,(anonymous_6)
FNDA:0,(anonymous_7)
FNDA:0,(anonymous_8)
FNDA:0,(anonymous_9)
FNDA:0,(anonymous_10)
FNDA:0,(anonymous_11)
DA:3,0
DA:6,0
DA:7,0
DA:14,0
DA:18,0
LF:5
LH:0
BRF:0
BRH:0
end_of_record
TN:
SF:src/store/index.ts
FN:30,(anonymous_1)
FN:44,useStore
FNF:2
FNH:0
FNDA:0,(anonymous_1)
FNDA:0,useStore
DA:1,0
DA:3,0
DA:9,0
DA:27,0
DA:30,0
DA:31,0
DA:41,0
DA:44,0
DA:45,0
LF:9
LH:0
BRF:0
BRH:0
end_of_record
TN:
SF:src/store/page/actions.ts
FN:38,(anonymous_7)
FN:39,(anonymous_9)
FN:41,(anonymous_10)
FN:46,(anonymous_11)
FN:55,(anonymous_12)
FN:56,(anonymous_14)
FN:59,(anonymous_15)
FN:60,(anonymous_16)
FN:68,(anonymous_17)
FN:77,(anonymous_18)
FN:86,(anonymous_19)
FN:87,(anonymous_21)
FN:88,(anonymous_22)
FN:91,(anonymous_23)
FN:95,(anonymous_24)
FN:96,(anonymous_25)
FN:98,(anonymous_26)
FN:99,(anonymous_27)
FNF:18
FNH:18
FNDA:2,(anonymous_7)
FNDA:2,(anonymous_9)
FNDA:1,(anonymous_10)
FNDA:1,(anonymous_11)
FNDA:2,(anonymous_12)
FNDA:2,(anonymous_14)
FNDA:1,(anonymous_15)
FNDA:1,(anonymous_16)
FNDA:1,(anonymous_17)
FNDA:1,(anonymous_18)
FNDA:2,(anonymous_19)
FNDA:2,(anonymous_21)
FNDA:1,(anonymous_22)
FNDA:1,(anonymous_23)
FNDA:2,(anonymous_24)
FNDA:2,(anonymous_25)
FNDA:1,(anonymous_26)
FNDA:1,(anonymous_27)
DA:5,1
DA:6,1
DA:30,1
DA:39,2
DA:40,2
DA:42,1
DA:44,1
DA:46,1
DA:56,2
DA:58,2
DA:59,1
DA:60,1
DA:69,1
DA:78,1
DA:87,2
DA:88,2
DA:89,1
DA:90,1
DA:91,1
DA:96,2
DA:97,2
DA:98,1
DA:99,1
DA:104,1
LF:24
LH:24
BRF:0
BRH:0
end_of_record
TN:
SF:src/store/page/getters.ts
FN:16,(anonymous_0)
FN:28,(anonymous_1)
FN:38,(anonymous_2)
FN:39,(anonymous_3)
FN:41,(anonymous_4)
FN:52,(anonymous_5)
FN:53,(anonymous_6)
FN:54,(anonymous_7)
FNF:8
FNH:8
FNDA:1,(anonymous_0)
FNDA:1,(anonymous_1)
FNDA:1,(anonymous_2)
FNDA:1,(anonymous_3)
FNDA:2,(anonymous_4)
FNDA:1,(anonymous_5)
FNDA:1,(anonymous_6)
FNDA:2,(anonymous_7)
DA:6,1
DA:17,1
DA:29,1
DA:39,1
DA:40,1
DA:41,2
DA:53,1
DA:54,2
DA:59,1
LF:9
LH:9
BRF:0
BRH:0
end_of_record
TN:
SF:src/store/page/index.ts
FNF:0
FNH:0
DA:3,0
DA:4,0
DA:5,0
DA:6,0
DA:8,0
DA:16,0
LF:6
LH:0
BRF:0
BRH:0
end_of_record
TN:
SF:src/store/page/mutations.ts
FN:5,(anonymous_0)
FN:27,(anonymous_1)
FN:37,(anonymous_2)
FN:39,(anonymous_3)
FN:55,(anonymous_4)
FN:57,(anonymous_5)
FN:77,(anonymous_6)
FN:81,(anonymous_7)
FN:83,(anonymous_8)
FNF:9
FNH:9
FNDA:2,(anonymous_0)
FNDA:1,(anonymous_1)
FNDA:2,(anonymous_2)
FNDA:2,(anonymous_3)
FNDA:4,(anonymous_4)
FNDA:4,(anonymous_5)
FNDA:1,(anonymous_6)
FNDA:1,(anonymous_7)
FNDA:1,(anonymous_8)
DA:5,2
DA:6,2
DA:7,2
DA:8,2
DA:9,2
DA:10,2
DA:21,2
DA:28,1
DA:29,1
DA:38,2
DA:39,2
DA:42,2
DA:43,1
DA:44,1
DA:45,1
DA:46,1
DA:56,4
DA:57,4
DA:60,4
DA:61,1
DA:64,3
DA:65,2
DA:68,3
DA:69,2
DA:78,1
DA:82,1
DA:83,1
DA:89,2
LF:28
LH:28
BRDA:5,0,0,2
BRDA:5,0,1,2
BRDA:42,1,0,1
BRDA:42,1,1,1
BRDA:60,2,0,1
BRDA:60,2,1,3
BRDA:64,3,0,2
BRDA:64,3,1,1
BRDA:68,4,0,2
BRDA:68,4,1,1
BRF:10
BRH:10
end_of_record
TN:
SF:src/store/page/state.ts
FN:26,state
FNF:1
FNH:0
FNDA:0,state
DA:27,0
DA:33,0
LF:2
LH:0
BRF:0
BRH:0
end_of_record
