TN:
SF:/home/gil/git/proc-server/src/external_api/page.rs
FN:12,into_info
FN:14,{generator#1}
FN:27,into_info
FN:28,latest
FN:32,{generator#1}
FN:53,{generator#1}
FNF:6
FNDA:12,into_info
FNDA:5,{generator#1}
FNDA:12,into_info
FNDA:4,latest
FNDA:5,{generator#1}
FNDA:5,{generator#1}
DA:12,12
DA:13,11
DA:14,5
DA:15,3
DA:16,6
DA:18,1
DA:21,4
DA:22,2
DA:23,1
DA:27,12
DA:28,4
DA:32,5
DA:33,3
DA:34,6
DA:36,1
DA:39,4
DA:40,2
DA:41,1
DA:42,2
DA:43,1
DA:48,12
DA:49,5
DA:53,5
DA:54,3
DA:55,8
DA:57,1
DA:58,2
DA:60,1
DA:62,3
DA:63,1
DA:66,4
DA:67,2
DA:68,1
LF:33
LH:33
end_of_record
TN:
SF:/home/gil/git/proc-server/src/main.rs
FN:15,{generator#0}
FNF:1
FNDA:1,{generator#0}
DA:15,1
DA:22,3
DA:23,2
DA:24,2
DA:25,1
DA:29,5
DA:30,1
DA:31,1
DA:32,1
LF:9
LH:9
end_of_record
TN:
SF:/home/gil/git/proc-server/src/models/page.rs
FN:11,eq
FNF:1
FNDA:2,eq
DA:11,2
DA:12,2
LF:2
LH:2
end_of_record
