TN:
SF:/home/gil/git/proc-server/src/external_api/page.rs
FN:12,get_all
FN:25,into_info
FN:26,all
FN:33,{generator#0}
FN:47,{generator#0}
FNF:5
FNDA:4,get_all
FNDA:10,into_info
FNDA:10,all
FNDA:6,{generator#0}
FNDA:12,{generator#0}
DA:12,4
DA:19,3
DA:20,6
DA:22,1
DA:25,10
DA:26,10
DA:27,4
DA:28,2
DA:29,1
DA:33,6
DA:40,3
DA:41,1
DA:43,7
DA:44,1
DA:47,12
DA:48,12
DA:49,4
DA:50,2
DA:51,1
LF:19
LH:19
end_of_record
TN:
SF:/home/gil/git/proc-server/src/main.rs
FN:10,ignite
FNF:1
FNDA:1,ignite
DA:10,1
DA:11,2
DA:13,2
LF:3
LH:3
end_of_record
TN:
SF:/home/gil/git/proc-server/src/models/page.rs
FN:11,eq
FNF:1
FNDA:2,eq
DA:11,2
DA:12,2
LF:2
LH:2
end_of_record
