TN:
SF:/home/gil/procmap/src-server/src/api.rs
FN:14,respond_to
FN:23,fmt
FN:32,description
FNF:3
FNDA:0,respond_to
FNDA:0,fmt
FNDA:0,description
DA:14,0
DA:15,0
DA:16,0
DA:17,0
DA:23,0
DA:24,0
DA:25,0
DA:26,0
DA:32,0
DA:33,0
DA:34,0
DA:35,0
LF:12
LH:0
end_of_record
TN:
SF:/home/gil/procmap/src-server/src/db.rs
FN:12,connect
FN:24,from_request
FN:43,deref
FNF:3
FNDA:0,connect
FNDA:0,from_request
FNDA:0,deref
DA:12,0
DA:13,0
DA:14,0
DA:16,0
DA:24,0
DA:25,0
DA:27,0
DA:31,0
DA:32,0
DA:33,0
DA:35,0
DA:43,0
DA:44,0
LF:13
LH:0
end_of_record
TN:
SF:/home/gil/procmap/src-server/src/layout.rs
FN:83,create
FN:87,{{closure}}
FN:90,read_all
FN:94,{{closure}}
FN:97,read
FNF:5
FNDA:0,create
FNDA:0,{{closure}}
FNDA:0,read_all
FNDA:0,{{closure}}
FNDA:0,read
DA:83,0
DA:84,0
DA:85,0
DA:86,0
DA:87,0
DA:90,0
DA:91,0
DA:92,0
DA:93,0
DA:94,0
DA:97,0
DA:98,0
DA:99,0
DA:100,0
DA:101,0
LF:15
LH:0
end_of_record
TN:
SF:/home/gil/procmap/src-server/src/layout_api.rs
FN:9,rocket_route_fn_layouts
FN:10,layouts
FN:12,rocket_route_fn_create_layout
FN:13,create_layout
FN:19,{{closure}}
FN:25,rocket_route_fn_read_layouts
FN:26,read_layouts
FN:28,{{closure}}
FN:30,{{closure}}
FN:41,rocket_route_fn_read_layout
FN:42,read_layout
FNF:11
FNDA:0,rocket_route_fn_layouts
FNDA:0,layouts
FNDA:0,rocket_route_fn_create_layout
FNDA:0,create_layout
FNDA:0,{{closure}}
FNDA:0,rocket_route_fn_read_layouts
FNDA:0,read_layouts
FNDA:0,{{closure}}
FNDA:0,{{closure}}
FNDA:0,rocket_route_fn_read_layout
FNDA:0,read_layout
DA:9,0
DA:10,0
DA:12,0
DA:13,0
DA:17,0
DA:19,0
DA:20,0
DA:21,0
DA:25,0
DA:26,0
DA:27,0
DA:28,0
DA:30,0
DA:31,0
DA:32,0
DA:41,0
DA:42,0
DA:43,0
DA:44,0
DA:45,0
DA:46,0
DA:47,0
DA:48,0
LF:23
LH:0
end_of_record
TN:
SF:/home/gil/procmap/src-server/src/main.rs
FN:33,info
FN:40,on_response
FN:56,main
FNF:3
FNDA:0,info
FNDA:0,on_response
FNDA:0,main
DA:33,0
DA:40,0
DA:41,0
DA:42,0
DA:43,0
DA:44,0
DA:46,0
DA:47,0
DA:49,0
DA:50,0
DA:51,0
DA:56,0
DA:60,0
DA:61,0
DA:64,0
LF:15
LH:0
end_of_record
TN:
SF:/home/gil/procmap/src-server/src/page.rs
FN:30,create
FN:34,{{closure}}
FN:37,read_all
FN:41,{{closure}}
FN:44,read
FN:64,delete
FN:67,{{closure}}
FN:68,{{closure}}
FN:77,create_valid_page
FNF:9
FNDA:0,create
FNDA:0,{{closure}}
FNDA:0,read_all
FNDA:0,{{closure}}
FNDA:0,read
FNDA:0,delete
FNDA:0,{{closure}}
FNDA:0,{{closure}}
FNDA:3,create_valid_page
DA:30,0
DA:31,0
DA:32,0
DA:33,0
DA:34,0
DA:37,0
DA:38,0
DA:39,0
DA:40,0
DA:41,0
DA:44,0
DA:45,0
DA:46,0
DA:47,0
DA:48,0
DA:64,0
DA:65,0
DA:66,0
DA:67,0
DA:68,0
DA:77,3
DA:80,1
LF:22
LH:2
end_of_record
TN:
SF:/home/gil/procmap/src-server/src/page_api.rs
FN:9,rocket_route_fn_pages
FN:10,pages
FN:12,rocket_route_fn_create_page
FN:13,create_page
FN:19,{{closure}}
FN:25,rocket_route_fn_read_pages
FN:26,read_pages
FN:28,{{closure}}
FN:30,{{closure}}
FN:41,rocket_route_fn_read_page
FN:42,read_page
FN:71,rocket_route_fn_delete_page
FN:72,delete_page
FNF:13
FNDA:0,rocket_route_fn_pages
FNDA:0,pages
FNDA:0,rocket_route_fn_create_page
FNDA:0,create_page
FNDA:0,{{closure}}
FNDA:0,rocket_route_fn_read_pages
FNDA:0,read_pages
FNDA:0,{{closure}}
FNDA:0,{{closure}}
FNDA:0,rocket_route_fn_read_page
FNDA:0,read_page
FNDA:0,rocket_route_fn_delete_page
FNDA:0,delete_page
DA:9,0
DA:10,0
DA:12,0
DA:13,0
DA:17,0
DA:19,0
DA:20,0
DA:21,0
DA:25,0
DA:26,0
DA:27,0
DA:28,0
DA:30,0
DA:31,0
DA:32,0
DA:41,0
DA:42,0
DA:43,0
DA:44,0
DA:45,0
DA:46,0
DA:47,0
DA:48,0
DA:71,0
DA:72,0
DA:73,0
DA:74,0
DA:75,0
DA:76,0
DA:77,0
DA:78,0
LF:31
LH:0
end_of_record
